<?xml version="1.0" encoding="UTF-8"?>
<testsuite name="memory.MemoryFinderTest" tests="1" skipped="0" failures="0" errors="0" timestamp="2025-01-25T09:58:16" hostname="DESKTOP-820UVSI" time="0.084">
  <properties/>
  <testcase name="get()" classname="memory.MemoryFinderTest" time="0.084"/>
  <system-out><![CDATA[]]></system-out>
  <system-err><![CDATA[]]></system-err>
</testsuite>
